[15:01:39] [Client thread/INFO]: Setting user: Player968
[15:01:47] [Client thread/INFO]: LWJGL Version: 2.9.2
[15:01:55] [Client thread/INFO]: Reloading ResourceManager: Default, FMLFileResourcePack:Forge Mod Loader, FMLFileResourcePack:Minecraft Forge, FMLFileResourcePack:Example Mod
[15:01:57] [Sound Library Loader/INFO]: Starting up SoundSystem...
[15:01:57] [Thread-5/INFO]: Initializing LWJGL OpenAL
[15:01:57] [Thread-5/INFO]: (The LWJGL binding of OpenAL.  For more information, see http://www.lwjgl.org)
[15:01:58] [Thread-5/INFO]: OpenAL initialized.
[15:01:58] [Sound Library Loader/INFO]: Sound engine started
[15:02:01] [Client thread/INFO]: Created: 16x16 textures-atlas
[15:02:04] [Client thread/INFO]: [STDOUT]: DIRT BLOCK >> tile.dirt
[15:02:05] [Client thread/INFO]: Reloading ResourceManager: Default, FMLFileResourcePack:Forge Mod Loader, FMLFileResourcePack:Minecraft Forge, FMLFileResourcePack:Example Mod
[15:02:07] [Client thread/INFO]: SoundSystem shutting down...
[15:02:07] [Client thread/WARN]: Author: Paul Lamb, www.paulscode.com
[15:02:07] [Sound Library Loader/INFO]: Starting up SoundSystem...
[15:02:07] [Thread-7/INFO]: Initializing LWJGL OpenAL
[15:02:07] [Thread-7/INFO]: (The LWJGL binding of OpenAL.  For more information, see http://www.lwjgl.org)
[15:02:07] [Thread-7/INFO]: OpenAL initialized.
[15:02:07] [Sound Library Loader/INFO]: Sound engine started
[15:02:09] [Client thread/INFO]: Created: 512x512 textures-atlas
[15:02:11] [Realms Notification Availability checker #1/INFO]: Could not authorize you against Realms server: Invalid session id
[15:03:38] [Server thread/INFO]: Starting integrated minecraft server version 1.11
[15:03:38] [Server thread/INFO]: Generating keypair
[15:03:42] [Server thread/INFO]: Preparing start region for level 0
[15:03:43] [Server thread/INFO]: Preparing spawn area: 4%
[15:03:44] [Server thread/INFO]: Preparing spawn area: 6%
[15:03:45] [Server thread/INFO]: Preparing spawn area: 9%
[15:03:46] [Server thread/INFO]: Preparing spawn area: 12%
[15:03:47] [Server thread/INFO]: Preparing spawn area: 16%
[15:03:48] [Server thread/INFO]: Preparing spawn area: 20%
[15:03:49] [Server thread/INFO]: Preparing spawn area: 26%
[15:03:50] [Server thread/INFO]: Preparing spawn area: 31%
[15:03:51] [Server thread/INFO]: Preparing spawn area: 35%
[15:03:52] [Server thread/INFO]: Preparing spawn area: 38%
[15:03:53] [Server thread/INFO]: Preparing spawn area: 40%
[15:03:54] [Server thread/INFO]: Preparing spawn area: 43%
[15:03:55] [Server thread/INFO]: Preparing spawn area: 46%
[15:03:56] [Server thread/INFO]: Preparing spawn area: 52%
[15:03:57] [Server thread/INFO]: Preparing spawn area: 62%
[15:03:58] [Server thread/INFO]: Preparing spawn area: 71%
[15:03:59] [Server thread/INFO]: Preparing spawn area: 81%
[15:04:00] [Server thread/INFO]: Preparing spawn area: 90%
[15:04:01] [Server thread/INFO]: Changing view distance to 12, from 10
[15:04:02] [Server thread/INFO]: Player968[local:E:16224f82] logged in with entity id 1043 at (65.5, 74.0, 245.5)
[15:04:02] [Server thread/INFO]: Player968 joined the game
[15:04:04] [pool-2-thread-1/WARN]: Couldn't look up profile properties for com.mojang.authlib.GameProfile@678255fd[id=03ba29a1-d6bd-32ba-90b2-375e4d65abc9,name=Player968,properties={},legacy=false]
com.mojang.authlib.exceptions.AuthenticationException: The client has sent too many requests within a certain amount of time
	at com.mojang.authlib.yggdrasil.YggdrasilAuthenticationService.makeRequest(YggdrasilAuthenticationService.java:79) ~[YggdrasilAuthenticationService.class:?]
	at com.mojang.authlib.yggdrasil.YggdrasilMinecraftSessionService.fillGameProfile(YggdrasilMinecraftSessionService.java:180) [YggdrasilMinecraftSessionService.class:?]
	at com.mojang.authlib.yggdrasil.YggdrasilMinecraftSessionService$1.load(YggdrasilMinecraftSessionService.java:60) [YggdrasilMinecraftSessionService$1.class:?]
	at com.mojang.authlib.yggdrasil.YggdrasilMinecraftSessionService$1.load(YggdrasilMinecraftSessionService.java:57) [YggdrasilMinecraftSessionService$1.class:?]
	at com.google.common.cache.LocalCache$LoadingValueReference.loadFuture(LocalCache.java:3524) [guava-17.0.jar:?]
	at com.google.common.cache.LocalCache$Segment.loadSync(LocalCache.java:2317) [guava-17.0.jar:?]
	at com.google.common.cache.LocalCache$Segment.lockedGetOrLoad(LocalCache.java:2280) [guava-17.0.jar:?]
	at com.google.common.cache.LocalCache$Segment.get(LocalCache.java:2195) [guava-17.0.jar:?]
	at com.google.common.cache.LocalCache.get(LocalCache.java:3934) [guava-17.0.jar:?]
	at com.google.common.cache.LocalCache.getOrLoad(LocalCache.java:3938) [guava-17.0.jar:?]
	at com.google.common.cache.LocalCache$LocalLoadingCache.get(LocalCache.java:4821) [guava-17.0.jar:?]
	at com.google.common.cache.LocalCache$LocalLoadingCache.getUnchecked(LocalCache.java:4827) [guava-17.0.jar:?]
	at com.mojang.authlib.yggdrasil.YggdrasilMinecraftSessionService.fillProfileProperties(YggdrasilMinecraftSessionService.java:170) [YggdrasilMinecraftSessionService.class:?]
	at net.minecraft.client.Minecraft.getProfileProperties(Minecraft.java:3054) [Minecraft.class:?]
	at net.minecraft.client.resources.SkinManager$3.run(SkinManager.java:138) [SkinManager$3.class:?]
	at java.util.concurrent.Executors$RunnableAdapter.call(Executors.java:511) [?:1.8.0_111]
	at java.util.concurrent.FutureTask.run(FutureTask.java:266) [?:1.8.0_111]
	at java.util.concurrent.ThreadPoolExecutor.runWorker(ThreadPoolExecutor.java:1142) [?:1.8.0_111]
	at java.util.concurrent.ThreadPoolExecutor$Worker.run(ThreadPoolExecutor.java:617) [?:1.8.0_111]
	at java.lang.Thread.run(Thread.java:745) [?:1.8.0_111]
[15:04:09] [Server thread/WARN]: Can't keep up! Did the system time change, or is the server overloaded? Running 6214ms behind, skipping 124 tick(s)
[15:04:09] [Server thread/INFO]: Saving and pausing game...
[15:04:09] [Server thread/INFO]: Saving chunks for level 'New World'/Overworld
[15:04:11] [Server thread/INFO]: Saving chunks for level 'New World'/Nether
[15:04:11] [Server thread/INFO]: Saving chunks for level 'New World'/The End
[15:04:11] [Server thread/INFO]: Stopping server
[15:04:11] [Server thread/INFO]: Saving players
[15:04:11] [Server thread/INFO]: Player968 lost connection: TextComponent{text='Disconnected', siblings=[], style=Style{hasParent=false, color=null, bold=null, italic=null, underlined=null, obfuscated=null, clickEvent=null, hoverEvent=null, insertion=null}}
[15:04:11] [Server thread/INFO]: Player968 left the game
[15:04:11] [Server thread/INFO]: Stopping singleplayer server as player logged out
[15:04:11] [Server thread/INFO]: Saving worlds
[15:04:11] [Server thread/INFO]: Saving chunks for level 'New World'/Overworld
[15:04:11] [Server thread/INFO]: Saving chunks for level 'New World'/Nether
[15:04:11] [Server thread/INFO]: Saving chunks for level 'New World'/The End
[15:04:17] [Client thread/INFO]: Deleting level New World
[15:04:17] [Client thread/INFO]: Attempt 1...
[15:04:41] [Server thread/INFO]: Starting integrated minecraft server version 1.11
[15:04:41] [Server thread/INFO]: Generating keypair
[15:04:42] [Server thread/INFO]: Preparing start region for level 0
[15:04:43] [Server thread/INFO]: Changing view distance to 12, from 10
[15:04:43] [Server thread/INFO]: Player968[local:E:35ecaacf] logged in with entity id 4274 at (-729.5, 4.0, -1754.5)
[15:04:43] [Server thread/INFO]: Player968 joined the game
[15:04:44] [Server thread/INFO]: Saving and pausing game...
[15:04:44] [Server thread/INFO]: Saving chunks for level 'New World'/Overworld
[15:04:44] [Server thread/INFO]: Saving chunks for level 'New World'/Nether
[15:04:44] [Server thread/INFO]: Saving chunks for level 'New World'/The End
[15:04:50] [Server thread/INFO]: Player968 has just earned the achievement [Taking Inventory]
[15:04:50] [Client thread/INFO]: [CHAT] Player968 has just earned the achievement [Taking Inventory]
[15:05:05] [Client thread/INFO]: [CHAT] Unknown command. Try /help for a list of commands
[15:05:15] [Server thread/INFO]: Saving and pausing game...
[15:05:15] [Server thread/INFO]: Saving chunks for level 'New World'/Overworld
[15:05:15] [Server thread/INFO]: Saving chunks for level 'New World'/Nether
[15:05:15] [Server thread/INFO]: Saving chunks for level 'New World'/The End
[15:05:26] [Server thread/INFO]: Saving and pausing game...
[15:05:26] [Server thread/INFO]: Saving chunks for level 'New World'/Overworld
[15:05:26] [Server thread/INFO]: Saving chunks for level 'New World'/Nether
[15:05:26] [Server thread/INFO]: Saving chunks for level 'New World'/The End
[15:06:18] [Server thread/INFO]: Stopping server
[15:06:18] [Server thread/INFO]: Saving players
[15:06:18] [Server thread/INFO]: Player968 lost connection: TextComponent{text='Disconnected', siblings=[], style=Style{hasParent=false, color=null, bold=null, italic=null, underlined=null, obfuscated=null, clickEvent=null, hoverEvent=null, insertion=null}}
[15:06:18] [Server thread/INFO]: Player968 left the game
[15:06:18] [Server thread/INFO]: Stopping singleplayer server as player logged out
[15:06:18] [Server thread/INFO]: Saving worlds
[15:06:18] [Server thread/INFO]: Saving chunks for level 'New World'/Overworld
[15:06:18] [Server thread/INFO]: Saving chunks for level 'New World'/Nether
[15:06:18] [Server thread/INFO]: Saving chunks for level 'New World'/The End
[15:13:51] [Client thread/INFO]: Stopping!
[15:13:51] [Client thread/INFO]: SoundSystem shutting down...
[15:13:51] [Client thread/WARN]: Author: Paul Lamb, www.paulscode.com
